\\UEAHOME4\STUSCI4\DHA13JYU\DATA\DOCUMENTS\GRAPHICS 2\COURSEWORK\COURSEWORKFILES\PLANESIM\DEBUG\BOUNDINGBOX.OBJ
\\UEAHOME4\STUSCI4\DHA13JYU\DATA\DOCUMENTS\GRAPHICS 2\COURSEWORK\COURSEWORKFILES\PLANESIM\DEBUG\BOX.OBJ
\\ueahome4\stusci4\dha13jyu\data\Documents\Graphics 2\Coursework\CourseworkFiles\PlaneSim\Debug\cl.command.1.tlog
\\ueahome4\stusci4\dha13jyu\data\Documents\Graphics 2\Coursework\CourseworkFiles\PlaneSim\Debug\CL.read.1.tlog
\\ueahome4\stusci4\dha13jyu\data\Documents\Graphics 2\Coursework\CourseworkFiles\PlaneSim\Debug\CL.write.1.tlog
\\UEAHOME4\STUSCI4\DHA13JYU\DATA\DOCUMENTS\GRAPHICS 2\COURSEWORK\COURSEWORKFILES\PLANESIM\DEBUG\CONSOLE.OBJ
\\UEAHOME4\STUSCI4\DHA13JYU\DATA\DOCUMENTS\GRAPHICS 2\COURSEWORK\COURSEWORKFILES\PLANESIM\DEBUG\FLOOR.OBJ
\\UEAHOME4\STUSCI4\DHA13JYU\DATA\DOCUMENTS\GRAPHICS 2\COURSEWORK\COURSEWORKFILES\PLANESIM\DEBUG\FRAMEMANAGER.OBJ
\\UEAHOME4\STUSCI4\DHA13JYU\DATA\DOCUMENTS\GRAPHICS 2\COURSEWORK\COURSEWORKFILES\PLANESIM\DEBUG\IMAGELOADERDDS.OBJ
\\UEAHOME4\STUSCI4\DHA13JYU\DATA\DOCUMENTS\GRAPHICS 2\COURSEWORK\COURSEWORKFILES\PLANESIM\DEBUG\IMAGELOADERJPG.OBJ
\\UEAHOME4\STUSCI4\DHA13JYU\DATA\DOCUMENTS\GRAPHICS 2\COURSEWORK\COURSEWORKFILES\PLANESIM\DEBUG\IMAGELOADERPNG.OBJ
\\UEAHOME4\STUSCI4\DHA13JYU\DATA\DOCUMENTS\GRAPHICS 2\COURSEWORK\COURSEWORKFILES\PLANESIM\DEBUG\IMAGELOADERTGA.OBJ
\\UEAHOME4\STUSCI4\DHA13JYU\DATA\DOCUMENTS\GRAPHICS 2\COURSEWORK\COURSEWORKFILES\PLANESIM\DEBUG\INTERSECTIONTESTS.OBJ
\\ueahome4\stusci4\dha13jyu\data\Documents\Graphics 2\Coursework\CourseworkFiles\PlaneSim\Debug\link.command.1.tlog
\\ueahome4\stusci4\dha13jyu\data\Documents\Graphics 2\Coursework\CourseworkFiles\PlaneSim\Debug\link.read.1.tlog
\\ueahome4\stusci4\dha13jyu\data\Documents\Graphics 2\Coursework\CourseworkFiles\PlaneSim\Debug\link.write.1.tlog
\\UEAHOME4\STUSCI4\DHA13JYU\DATA\DOCUMENTS\GRAPHICS 2\COURSEWORK\COURSEWORKFILES\PLANESIM\DEBUG\MAIN.OBJ
\\ueahome4\stusci4\dha13jyu\data\Documents\Graphics 2\Coursework\CourseworkFiles\PlaneSim\Debug\mt.command.1.tlog
\\ueahome4\stusci4\dha13jyu\data\Documents\Graphics 2\Coursework\CourseworkFiles\PlaneSim\Debug\mt.read.1.tlog
\\ueahome4\stusci4\dha13jyu\data\Documents\Graphics 2\Coursework\CourseworkFiles\PlaneSim\Debug\mt.write.1.tlog
\\UEAHOME4\STUSCI4\DHA13JYU\DATA\DOCUMENTS\GRAPHICS 2\COURSEWORK\COURSEWORKFILES\PLANESIM\DEBUG\OBJLOADER.OBJ
\\UEAHOME4\STUSCI4\DHA13JYU\DATA\DOCUMENTS\GRAPHICS 2\COURSEWORK\COURSEWORKFILES\PLANESIM\DEBUG\OBJLOADINGWIN32.EXE
\\UEAHOME4\STUSCI4\DHA13JYU\DATA\DOCUMENTS\GRAPHICS 2\COURSEWORK\COURSEWORKFILES\PLANESIM\DEBUG\OBJLOADINGWIN32.EXE.INTERMEDIATE.MANIFEST
\\UEAHOME4\STUSCI4\DHA13JYU\DATA\DOCUMENTS\GRAPHICS 2\COURSEWORK\COURSEWORKFILES\PLANESIM\DEBUG\OBJLOADINGWIN32.PDB
\\ueahome4\stusci4\dha13jyu\data\Documents\Graphics 2\Coursework\CourseworkFiles\PlaneSim\Debug\objLoadingWIN32.vcxprojResolveAssemblyReference.cache
\\ueahome4\stusci4\dha13jyu\data\Documents\Graphics 2\Coursework\CourseworkFiles\PlaneSim\Debug\objLoadingWIN32.write.1.tlog
\\UEAHOME4\STUSCI4\DHA13JYU\DATA\DOCUMENTS\GRAPHICS 2\COURSEWORK\COURSEWORKFILES\PLANESIM\DEBUG\OCTREE.OBJ
\\UEAHOME4\STUSCI4\DHA13JYU\DATA\DOCUMENTS\GRAPHICS 2\COURSEWORK\COURSEWORKFILES\PLANESIM\DEBUG\PLANAR.OBJ
\\UEAHOME4\STUSCI4\DHA13JYU\DATA\DOCUMENTS\GRAPHICS 2\COURSEWORK\COURSEWORKFILES\PLANESIM\DEBUG\PLAYER.OBJ
\\UEAHOME4\STUSCI4\DHA13JYU\DATA\DOCUMENTS\GRAPHICS 2\COURSEWORK\COURSEWORKFILES\PLANESIM\DEBUG\SHADER.OBJ
\\UEAHOME4\STUSCI4\DHA13JYU\DATA\DOCUMENTS\GRAPHICS 2\COURSEWORK\COURSEWORKFILES\PLANESIM\DEBUG\SKYBOX.OBJ
\\UEAHOME4\STUSCI4\DHA13JYU\DATA\DOCUMENTS\GRAPHICS 2\COURSEWORK\COURSEWORKFILES\PLANESIM\DEBUG\TEXTUREHANDLER.OBJ
\\UEAHOME4\STUSCI4\DHA13JYU\DATA\DOCUMENTS\GRAPHICS 2\COURSEWORK\COURSEWORKFILES\PLANESIM\DEBUG\THREEDMODEL.OBJ
\\UEAHOME4\STUSCI4\DHA13JYU\DATA\DOCUMENTS\GRAPHICS 2\COURSEWORK\COURSEWORKFILES\PLANESIM\DEBUG\TOWER.OBJ
\\ueahome4\stusci4\dha13jyu\data\Documents\Graphics 2\Coursework\CourseworkFiles\PlaneSim\Debug\vc100.idb
\\UEAHOME4\STUSCI4\DHA13JYU\DATA\DOCUMENTS\GRAPHICS 2\COURSEWORK\COURSEWORKFILES\PLANESIM\DEBUG\VC100.PDB
\\UEAHOME4\STUSCI4\DHA13JYU\DATA\DOCUMENTS\GRAPHICS 2\COURSEWORK\COURSEWORKFILES\PLANESIM\DEBUG\VECTOR2D.OBJ
\\UEAHOME4\STUSCI4\DHA13JYU\DATA\DOCUMENTS\GRAPHICS 2\COURSEWORK\COURSEWORKFILES\PLANESIM\DEBUG\VECTOR3D.OBJ
