\\UEAHOME4\STUSCI4\DHA13JYU\DATA\DOCUMENTS\GRAPHICS 2\COURSEWORK\07 OBJ LOADING WITH GLM\07 OBJ LOADING WITH GLM\RELEASE\BOUNDINGBOX.OBJ
\\ueahome4\stusci4\dha13jyu\data\Documents\Graphics 2\Coursework\07 OBJ loading with GLM\07 OBJ loading with GLM\Release\cl.command.1.tlog
\\ueahome4\stusci4\dha13jyu\data\Documents\Graphics 2\Coursework\07 OBJ loading with GLM\07 OBJ loading with GLM\Release\CL.read.1.tlog
\\ueahome4\stusci4\dha13jyu\data\Documents\Graphics 2\Coursework\07 OBJ loading with GLM\07 OBJ loading with GLM\Release\CL.write.1.tlog
\\UEAHOME4\STUSCI4\DHA13JYU\DATA\DOCUMENTS\GRAPHICS 2\COURSEWORK\07 OBJ LOADING WITH GLM\07 OBJ LOADING WITH GLM\RELEASE\CONSOLE.OBJ
\\UEAHOME4\STUSCI4\DHA13JYU\DATA\DOCUMENTS\GRAPHICS 2\COURSEWORK\07 OBJ LOADING WITH GLM\07 OBJ LOADING WITH GLM\RELEASE\IMAGELOADERDDS.OBJ
\\UEAHOME4\STUSCI4\DHA13JYU\DATA\DOCUMENTS\GRAPHICS 2\COURSEWORK\07 OBJ LOADING WITH GLM\07 OBJ LOADING WITH GLM\RELEASE\IMAGELOADERJPG.OBJ
\\UEAHOME4\STUSCI4\DHA13JYU\DATA\DOCUMENTS\GRAPHICS 2\COURSEWORK\07 OBJ LOADING WITH GLM\07 OBJ LOADING WITH GLM\RELEASE\IMAGELOADERPNG.OBJ
\\UEAHOME4\STUSCI4\DHA13JYU\DATA\DOCUMENTS\GRAPHICS 2\COURSEWORK\07 OBJ LOADING WITH GLM\07 OBJ LOADING WITH GLM\RELEASE\IMAGELOADERTGA.OBJ
\\UEAHOME4\STUSCI4\DHA13JYU\DATA\DOCUMENTS\GRAPHICS 2\COURSEWORK\07 OBJ LOADING WITH GLM\07 OBJ LOADING WITH GLM\RELEASE\INTERSECTIONTESTS.OBJ
\\ueahome4\stusci4\dha13jyu\data\Documents\Graphics 2\Coursework\07 OBJ loading with GLM\07 OBJ loading with GLM\Release\link.command.1.tlog
\\ueahome4\stusci4\dha13jyu\data\Documents\Graphics 2\Coursework\07 OBJ loading with GLM\07 OBJ loading with GLM\Release\link.read.1.tlog
\\ueahome4\stusci4\dha13jyu\data\Documents\Graphics 2\Coursework\07 OBJ loading with GLM\07 OBJ loading with GLM\Release\link.write.1.tlog
\\UEAHOME4\STUSCI4\DHA13JYU\DATA\DOCUMENTS\GRAPHICS 2\COURSEWORK\07 OBJ LOADING WITH GLM\07 OBJ LOADING WITH GLM\RELEASE\MAIN.OBJ
\\ueahome4\stusci4\dha13jyu\data\Documents\Graphics 2\Coursework\07 OBJ loading with GLM\07 OBJ loading with GLM\Release\mt.command.1.tlog
\\ueahome4\stusci4\dha13jyu\data\Documents\Graphics 2\Coursework\07 OBJ loading with GLM\07 OBJ loading with GLM\Release\mt.read.1.tlog
\\ueahome4\stusci4\dha13jyu\data\Documents\Graphics 2\Coursework\07 OBJ loading with GLM\07 OBJ loading with GLM\Release\mt.write.1.tlog
\\UEAHOME4\STUSCI4\DHA13JYU\DATA\DOCUMENTS\GRAPHICS 2\COURSEWORK\07 OBJ LOADING WITH GLM\07 OBJ LOADING WITH GLM\RELEASE\OBJLOADER.OBJ
\\UEAHOME4\STUSCI4\DHA13JYU\DATA\DOCUMENTS\GRAPHICS 2\COURSEWORK\07 OBJ LOADING WITH GLM\07 OBJ LOADING WITH GLM\RELEASE\OBJLOADINGWIN32.EXE
\\UEAHOME4\STUSCI4\DHA13JYU\DATA\DOCUMENTS\GRAPHICS 2\COURSEWORK\07 OBJ LOADING WITH GLM\07 OBJ LOADING WITH GLM\RELEASE\OBJLOADINGWIN32.EXE.INTERMEDIATE.MANIFEST
\\UEAHOME4\STUSCI4\DHA13JYU\DATA\DOCUMENTS\GRAPHICS 2\COURSEWORK\07 OBJ LOADING WITH GLM\07 OBJ LOADING WITH GLM\RELEASE\OBJLOADINGWIN32.PDB
\\ueahome4\stusci4\dha13jyu\data\Documents\Graphics 2\Coursework\07 OBJ loading with GLM\07 OBJ loading with GLM\Release\objLoadingWIN32.vcxprojResolveAssemblyReference.cache
\\ueahome4\stusci4\dha13jyu\data\Documents\Graphics 2\Coursework\07 OBJ loading with GLM\07 OBJ loading with GLM\Release\objLoadingWIN32.write.1.tlog
\\UEAHOME4\STUSCI4\DHA13JYU\DATA\DOCUMENTS\GRAPHICS 2\COURSEWORK\07 OBJ LOADING WITH GLM\07 OBJ LOADING WITH GLM\RELEASE\OCTREE.OBJ
\\ueahome4\stusci4\dha13jyu\data\Documents\Graphics 2\Coursework\07 OBJ loading with GLM\07 OBJ loading with GLM\Release\Player.obj
\\UEAHOME4\STUSCI4\DHA13JYU\DATA\DOCUMENTS\GRAPHICS 2\COURSEWORK\07 OBJ LOADING WITH GLM\07 OBJ LOADING WITH GLM\RELEASE\SHADER.OBJ
\\UEAHOME4\STUSCI4\DHA13JYU\DATA\DOCUMENTS\GRAPHICS 2\COURSEWORK\07 OBJ LOADING WITH GLM\07 OBJ LOADING WITH GLM\RELEASE\TEXTUREHANDLER.OBJ
\\UEAHOME4\STUSCI4\DHA13JYU\DATA\DOCUMENTS\GRAPHICS 2\COURSEWORK\07 OBJ LOADING WITH GLM\07 OBJ LOADING WITH GLM\RELEASE\THREEDMODEL.OBJ
\\UEAHOME4\STUSCI4\DHA13JYU\DATA\DOCUMENTS\GRAPHICS 2\COURSEWORK\07 OBJ LOADING WITH GLM\07 OBJ LOADING WITH GLM\RELEASE\VC100.PDB
\\UEAHOME4\STUSCI4\DHA13JYU\DATA\DOCUMENTS\GRAPHICS 2\COURSEWORK\07 OBJ LOADING WITH GLM\07 OBJ LOADING WITH GLM\RELEASE\VECTOR2D.OBJ
\\UEAHOME4\STUSCI4\DHA13JYU\DATA\DOCUMENTS\GRAPHICS 2\COURSEWORK\07 OBJ LOADING WITH GLM\07 OBJ LOADING WITH GLM\RELEASE\VECTOR3D.OBJ
