Build started 29/10/2015 15:32:02.
     1>Project "\\ueahome4\stusci4\dha13jyu\data\Documents\Graphics 2\Coursework\07 OBJ loading with GLM\07 OBJ loading with GLM\objLoadingWIN32.vcxproj" on node 2 (build target(s)).
     1>InitializeBuildStatus:
         Creating "Release\objLoadingWIN32.unsuccessfulbuild" because "AlwaysCreate" was specified.
       ClCompile:
         C:\Program Files (x86)\Microsoft Visual Studio 10.0\VC\bin\CL.exe /c /Zi /nologo /W3 /WX- /O2 /Oi /Oy- /GL /D WIN32 /D NDEBUG /D _WINDOWS /D _MBCS /Gm- /EHsc /MD /GS /Gy /fp:precise /Zc:wchar_t /Zc:forScope /Fo"Release\\" /Fd"Release\vc100.pdb" /Gd /TP /analyze- /errorReport:prompt main.cpp
         main.cpp
     1>main.cpp(28): warning C4305: 'initializing' : truncation from 'double' to 'float'
     1>main.cpp(39): warning C4305: 'initializing' : truncation from 'double' to 'float'
     1>main.cpp(39): warning C4305: 'initializing' : truncation from 'double' to 'float'
     1>main.cpp(39): warning C4305: 'initializing' : truncation from 'double' to 'float'
     1>main.cpp(40): warning C4305: 'initializing' : truncation from 'double' to 'float'
     1>main.cpp(40): warning C4305: 'initializing' : truncation from 'double' to 'float'
     1>main.cpp(41): warning C4305: 'initializing' : truncation from 'double' to 'float'
     1>main.cpp(41): warning C4305: 'initializing' : truncation from 'double' to 'float'
     1>main.cpp(41): warning C4305: 'initializing' : truncation from 'double' to 'float'
     1>main.cpp(45): warning C4305: 'initializing' : truncation from 'double' to 'float'
     1>main.cpp(45): warning C4305: 'initializing' : truncation from 'double' to 'float'
     1>main.cpp(45): warning C4305: 'initializing' : truncation from 'double' to 'float'
     1>main.cpp(222): warning C4305: '+=' : truncation from 'double' to 'float'
     1>main.cpp(226): warning C4305: '-=' : truncation from 'double' to 'float'
       Link:
         C:\Program Files (x86)\Microsoft Visual Studio 10.0\VC\bin\link.exe /ERRORREPORT:PROMPT /OUT:"\\ueahome4\stusci4\dha13jyu\data\Documents\Graphics 2\Coursework\07 OBJ loading with GLM\07 OBJ loading with GLM\Release\objLoadingWIN32.exe" /INCREMENTAL:NO /NOLOGO opengl32.lib glu32.lib nvImage.lib jpegbuild.lib kernel32.lib user32.lib gdi32.lib winspool.lib comdlg32.lib advapi32.lib shell32.lib ole32.lib oleaut32.lib uuid.lib odbc32.lib odbccp32.lib /MANIFEST /ManifestFile:"Release\objLoadingWIN32.exe.intermediate.manifest" /MANIFESTUAC:"level='asInvoker' uiAccess='false'" /DEBUG /PDB:"\\ueahome4\stusci4\dha13jyu\data\Documents\Graphics 2\Coursework\07 OBJ loading with GLM\07 OBJ loading with GLM\Release\objLoadingWIN32.pdb" /SUBSYSTEM:WINDOWS /OPT:REF /OPT:ICF /LTCG /TLBID:1 /DYNAMICBASE /NXCOMPAT /IMPLIB:"\\ueahome4\stusci4\dha13jyu\data\Documents\Graphics 2\Coursework\07 OBJ loading with GLM\07 OBJ loading with GLM\Release\objLoadingWIN32.lib" /MACHINE:X86 Release\console.obj
         Release\main.obj
         Release\BoundingBox.obj
         Release\threeDModel.obj
         Release\imageLoaderDDS.obj
         Release\imageLoaderJPG.obj
         Release\imageLoaderPNG.obj
         Release\imageLoaderTGA.obj
         Release\OBJLoader.obj
         Release\Player.obj
         Release\Vector2d.obj
         Release\Vector3d.obj
         Release\TextureHandler.obj
         Release\IntersectionTests.obj
         Release\Octree.obj
         Release\Shader.obj
         Generating code
         Finished generating code
     1>jpegbuild.lib(jcomapi.obj) : warning LNK4099: PDB 'vc80.pdb' was not found with 'jpegbuild.lib(jcomapi.obj)' or at '\\ueahome4\stusci4\dha13jyu\data\Documents\Graphics 2\Coursework\07 OBJ loading with GLM\07 OBJ loading with GLM\Release\vc80.pdb'; linking object as if no debug info
     1>jpegbuild.lib(jdapimin.obj) : warning LNK4099: PDB 'vc80.pdb' was not found with 'jpegbuild.lib(jdapimin.obj)' or at '\\ueahome4\stusci4\dha13jyu\data\Documents\Graphics 2\Coursework\07 OBJ loading with GLM\07 OBJ loading with GLM\Release\vc80.pdb'; linking object as if no debug info
     1>jpegbuild.lib(jdapistd.obj) : warning LNK4099: PDB 'vc80.pdb' was not found with 'jpegbuild.lib(jdapistd.obj)' or at '\\ueahome4\stusci4\dha13jyu\data\Documents\Graphics 2\Coursework\07 OBJ loading with GLM\07 OBJ loading with GLM\Release\vc80.pdb'; linking object as if no debug info
     1>jpegbuild.lib(jdatasrc.obj) : warning LNK4099: PDB 'vc80.pdb' was not found with 'jpegbuild.lib(jdatasrc.obj)' or at '\\ueahome4\stusci4\dha13jyu\data\Documents\Graphics 2\Coursework\07 OBJ loading with GLM\07 OBJ loading with GLM\Release\vc80.pdb'; linking object as if no debug info
     1>jpegbuild.lib(jdcoefct.obj) : warning LNK4099: PDB 'vc80.pdb' was not found with 'jpegbuild.lib(jdcoefct.obj)' or at '\\ueahome4\stusci4\dha13jyu\data\Documents\Graphics 2\Coursework\07 OBJ loading with GLM\07 OBJ loading with GLM\Release\vc80.pdb'; linking object as if no debug info
     1>jpegbuild.lib(jdcolor.obj) : warning LNK4099: PDB 'vc80.pdb' was not found with 'jpegbuild.lib(jdcolor.obj)' or at '\\ueahome4\stusci4\dha13jyu\data\Documents\Graphics 2\Coursework\07 OBJ loading with GLM\07 OBJ loading with GLM\Release\vc80.pdb'; linking object as if no debug info
     1>jpegbuild.lib(jddctmgr.obj) : warning LNK4099: PDB 'vc80.pdb' was not found with 'jpegbuild.lib(jddctmgr.obj)' or at '\\ueahome4\stusci4\dha13jyu\data\Documents\Graphics 2\Coursework\07 OBJ loading with GLM\07 OBJ loading with GLM\Release\vc80.pdb'; linking object as if no debug info
     1>jpegbuild.lib(jdhuff.obj) : warning LNK4099: PDB 'vc80.pdb' was not found with 'jpegbuild.lib(jdhuff.obj)' or at '\\ueahome4\stusci4\dha13jyu\data\Documents\Graphics 2\Coursework\07 OBJ loading with GLM\07 OBJ loading with GLM\Release\vc80.pdb'; linking object as if no debug info
     1>jpegbuild.lib(jdinput.obj) : warning LNK4099: PDB 'vc80.pdb' was not found with 'jpegbuild.lib(jdinput.obj)' or at '\\ueahome4\stusci4\dha13jyu\data\Documents\Graphics 2\Coursework\07 OBJ loading with GLM\07 OBJ loading with GLM\Release\vc80.pdb'; linking object as if no debug info
     1>jpegbuild.lib(jdmainct.obj) : warning LNK4099: PDB 'vc80.pdb' was not found with 'jpegbuild.lib(jdmainct.obj)' or at '\\ueahome4\stusci4\dha13jyu\data\Documents\Graphics 2\Coursework\07 OBJ loading with GLM\07 OBJ loading with GLM\Release\vc80.pdb'; linking object as if no debug info
     1>jpegbuild.lib(jdmarker.obj) : warning LNK4099: PDB 'vc80.pdb' was not found with 'jpegbuild.lib(jdmarker.obj)' or at '\\ueahome4\stusci4\dha13jyu\data\Documents\Graphics 2\Coursework\07 OBJ loading with GLM\07 OBJ loading with GLM\Release\vc80.pdb'; linking object as if no debug info
     1>jpegbuild.lib(jdmaster.obj) : warning LNK4099: PDB 'vc80.pdb' was not found with 'jpegbuild.lib(jdmaster.obj)' or at '\\ueahome4\stusci4\dha13jyu\data\Documents\Graphics 2\Coursework\07 OBJ loading with GLM\07 OBJ loading with GLM\Release\vc80.pdb'; linking object as if no debug info
     1>jpegbuild.lib(jdmerge.obj) : warning LNK4099: PDB 'vc80.pdb' was not found with 'jpegbuild.lib(jdmerge.obj)' or at '\\ueahome4\stusci4\dha13jyu\data\Documents\Graphics 2\Coursework\07 OBJ loading with GLM\07 OBJ loading with GLM\Release\vc80.pdb'; linking object as if no debug info
     1>jpegbuild.lib(jdphuff.obj) : warning LNK4099: PDB 'vc80.pdb' was not found with 'jpegbuild.lib(jdphuff.obj)' or at '\\ueahome4\stusci4\dha13jyu\data\Documents\Graphics 2\Coursework\07 OBJ loading with GLM\07 OBJ loading with GLM\Release\vc80.pdb'; linking object as if no debug info
     1>jpegbuild.lib(jdpostct.obj) : warning LNK4099: PDB 'vc80.pdb' was not found with 'jpegbuild.lib(jdpostct.obj)' or at '\\ueahome4\stusci4\dha13jyu\data\Documents\Graphics 2\Coursework\07 OBJ loading with GLM\07 OBJ loading with GLM\Release\vc80.pdb'; linking object as if no debug info
     1>jpegbuild.lib(jdsample.obj) : warning LNK4099: PDB 'vc80.pdb' was not found with 'jpegbuild.lib(jdsample.obj)' or at '\\ueahome4\stusci4\dha13jyu\data\Documents\Graphics 2\Coursework\07 OBJ loading with GLM\07 OBJ loading with GLM\Release\vc80.pdb'; linking object as if no debug info
     1>jpegbuild.lib(jerror.obj) : warning LNK4099: PDB 'vc80.pdb' was not found with 'jpegbuild.lib(jerror.obj)' or at '\\ueahome4\stusci4\dha13jyu\data\Documents\Graphics 2\Coursework\07 OBJ loading with GLM\07 OBJ loading with GLM\Release\vc80.pdb'; linking object as if no debug info
     1>jpegbuild.lib(jidctflt.obj) : warning LNK4099: PDB 'vc80.pdb' was not found with 'jpegbuild.lib(jidctflt.obj)' or at '\\ueahome4\stusci4\dha13jyu\data\Documents\Graphics 2\Coursework\07 OBJ loading with GLM\07 OBJ loading with GLM\Release\vc80.pdb'; linking object as if no debug info
     1>jpegbuild.lib(jidctfst.obj) : warning LNK4099: PDB 'vc80.pdb' was not found with 'jpegbuild.lib(jidctfst.obj)' or at '\\ueahome4\stusci4\dha13jyu\data\Documents\Graphics 2\Coursework\07 OBJ loading with GLM\07 OBJ loading with GLM\Release\vc80.pdb'; linking object as if no debug info
     1>jpegbuild.lib(jidctint.obj) : warning LNK4099: PDB 'vc80.pdb' was not found with 'jpegbuild.lib(jidctint.obj)' or at '\\ueahome4\stusci4\dha13jyu\data\Documents\Graphics 2\Coursework\07 OBJ loading with GLM\07 OBJ loading with GLM\Release\vc80.pdb'; linking object as if no debug info
     1>jpegbuild.lib(jidctred.obj) : warning LNK4099: PDB 'vc80.pdb' was not found with 'jpegbuild.lib(jidctred.obj)' or at '\\ueahome4\stusci4\dha13jyu\data\Documents\Graphics 2\Coursework\07 OBJ loading with GLM\07 OBJ loading with GLM\Release\vc80.pdb'; linking object as if no debug info
     1>jpegbuild.lib(jquant2.obj) : warning LNK4099: PDB 'vc80.pdb' was not found with 'jpegbuild.lib(jquant2.obj)' or at '\\ueahome4\stusci4\dha13jyu\data\Documents\Graphics 2\Coursework\07 OBJ loading with GLM\07 OBJ loading with GLM\Release\vc80.pdb'; linking object as if no debug info
     1>jpegbuild.lib(jutils.obj) : warning LNK4099: PDB 'vc80.pdb' was not found with 'jpegbuild.lib(jutils.obj)' or at '\\ueahome4\stusci4\dha13jyu\data\Documents\Graphics 2\Coursework\07 OBJ loading with GLM\07 OBJ loading with GLM\Release\vc80.pdb'; linking object as if no debug info
     1>jpegbuild.lib(jmemmgr.obj) : warning LNK4099: PDB 'vc80.pdb' was not found with 'jpegbuild.lib(jmemmgr.obj)' or at '\\ueahome4\stusci4\dha13jyu\data\Documents\Graphics 2\Coursework\07 OBJ loading with GLM\07 OBJ loading with GLM\Release\vc80.pdb'; linking object as if no debug info
     1>jpegbuild.lib(jquant1.obj) : warning LNK4099: PDB 'vc80.pdb' was not found with 'jpegbuild.lib(jquant1.obj)' or at '\\ueahome4\stusci4\dha13jyu\data\Documents\Graphics 2\Coursework\07 OBJ loading with GLM\07 OBJ loading with GLM\Release\vc80.pdb'; linking object as if no debug info
     1>jpegbuild.lib(jmemansi.obj) : warning LNK4099: PDB 'vc80.pdb' was not found with 'jpegbuild.lib(jmemansi.obj)' or at '\\ueahome4\stusci4\dha13jyu\data\Documents\Graphics 2\Coursework\07 OBJ loading with GLM\07 OBJ loading with GLM\Release\vc80.pdb'; linking object as if no debug info
         objLoadingWIN32.vcxproj -> \\ueahome4\stusci4\dha13jyu\data\Documents\Graphics 2\Coursework\07 OBJ loading with GLM\07 OBJ loading with GLM\Release\objLoadingWIN32.exe
       Manifest:
         C:\Program Files (x86)\Microsoft SDKs\Windows\v7.0A\bin\mt.exe /nologo /verbose /outputresource:"\\ueahome4\stusci4\dha13jyu\data\Documents\Graphics 2\Coursework\07 OBJ loading with GLM\07 OBJ loading with GLM\Release\objLoadingWIN32.exe;#1" /manifest Release\objLoadingWIN32.exe.intermediate.manifest
       FinalizeBuildStatus:
         Deleting file "Release\objLoadingWIN32.unsuccessfulbuild".
         Touching "Release\objLoadingWIN32.lastbuildstate".
     1>Done Building Project "\\ueahome4\stusci4\dha13jyu\data\Documents\Graphics 2\Coursework\07 OBJ loading with GLM\07 OBJ loading with GLM\objLoadingWIN32.vcxproj" (build target(s)).

Build succeeded.

Time Elapsed 00:00:11.15
